<?xml version="1.0" encoding="UTF-8"?>
<!-- Generated by org.testng.reporters.JUnitXMLReporter -->
<testsuite hostname="LIN30000369" failures="2" tests="2" name="Validating Editmyinformation page" time="14.275" errors="0" timestamp="10 Jun 2022 05:18:29 GMT">
  <testcase classname="Uniform.Validateeditinformation" name="initialize" time="14.258">
    <failure type="java.lang.NullPointerException" message="Cannot invoke &amp;quot;org.openqa.selenium.WebElement.click()&amp;quot; because the return value of &amp;quot;pageobjects.Editmyinformation.getLogin()&amp;quot; is null">
      <![CDATA[java.lang.NullPointerException: Cannot invoke "org.openqa.selenium.WebElement.click()" because the return value of "pageobjects.Editmyinformation.getLogin()" is null
	at Uniform.Validateeditinformation.initialize(Validateeditinformation.java:25)
... Removed 24 stack frames]]>
    </failure>
  </testcase> <!-- initialize -->
  <testcase classname="Uniform.Validateeditinformation" name="initialize" time="14.268">
    <failure type="java.lang.NullPointerException" message="Cannot invoke &amp;quot;org.openqa.selenium.TakesScreenshot.getScreenshotAs(org.openqa.selenium.OutputType)&amp;quot; because &amp;quot;this.driver&amp;quot; is null">
      <![CDATA[java.lang.NullPointerException: Cannot invoke "org.openqa.selenium.TakesScreenshot.getScreenshotAs(org.openqa.selenium.OutputType)" because "this.driver" is null
	at resources.base.getScreenshot(base.java:54)
	at Uniform.listners.onTestFailure(listners.java:30)
... Removed 21 stack frames]]>
    </failure>
  </testcase> <!-- initialize -->
</testsuite> <!-- Validating Editmyinformation page -->
