<?xml version="1.0" encoding="UTF-8"?>
<testng-results total="1" passed="1" failed="0" skipped="0">
  <reporter-output>
  </reporter-output>
  <suite started-at="2022-06-10T20:29:04Z" name="Default suite" finished-at="2022-06-10T20:29:14Z" duration-ms="9768">
    <groups>
    </groups>
    <test started-at="2022-06-10T20:29:04Z" name="Default test" finished-at="2022-06-10T20:29:14Z" duration-ms="9768">
      <class name="Uniform.Validateeditinformation">
        <test-method is-config="true" signature="initialize()[pri:0, instance:Uniform.Validateeditinformation@592e843a]" started-at="2022-06-11T01:59:04Z" name="initialize" finished-at="2022-06-11T01:59:11Z" duration-ms="6365" status="PASS">
          <reporter-output>
          </reporter-output>
        </test-method> <!-- initialize -->
        <test-method signature="editmyinformation()[pri:0, instance:Uniform.Validateeditinformation@592e843a]" started-at="2022-06-11T01:59:11Z" name="editmyinformation" finished-at="2022-06-11T01:59:14Z" duration-ms="3232" status="PASS">
          <reporter-output>
          </reporter-output>
        </test-method> <!-- editmyinformation -->
        <test-method is-config="true" signature="teardown()[pri:0, instance:Uniform.Validateeditinformation@592e843a]" started-at="2022-06-11T01:59:14Z" name="teardown" finished-at="2022-06-11T01:59:14Z" duration-ms="159" status="PASS">
          <reporter-output>
          </reporter-output>
        </test-method> <!-- teardown -->
      </class> <!-- Uniform.Validateeditinformation -->
    </test> <!-- Default test -->
  </suite> <!-- Default suite -->
</testng-results>
